<?xml version="1.0" encoding="UTF-8"?>
<!-- Generated by org.testng.reporters.JUnitXMLReporter -->
<testsuite hostname="user-PC" ignored="0" name="Test1" tests="1" failures="1" timestamp="20 May 2019 06:22:18 GMT" time="62.067" errors="0">
  <testcase name="verifyLogin" time="7.497" classname="userTest.VerifyLogin">
    <failure type="java.lang.AssertionError" message="Text not matched - Test failed expected [Quick Link] but found [Quick Links]">
      <![CDATA[java.lang.AssertionError: Text not matched - Test failed expected [Quick Link] but found [Quick Links]
at utility.CommonMethods.getText(CommonMethods.java:27)
at userTest.VerifyLogin.verifyLogin(VerifyLogin.java:15)
at java.util.concurrent.FutureTask.run(FutureTask.java:266)
at java.util.concurrent.ThreadPoolExecutor.runWorker(ThreadPoolExecutor.java:1149)
at java.util.concurrent.ThreadPoolExecutor$Worker.run(ThreadPoolExecutor.java:624)
at java.lang.Thread.run(Thread.java:748)
... Removed 21 stack frames]]>
    </failure>
  </testcase> <!-- verifyLogin -->
</testsuite> <!-- Test1 -->
